<?xml version="1.0" encoding="UTF-8"?>
<!-- Generated by org.testng.reporters.JUnitReportReporter -->
<testsuite hostname="LAPTOP-FNGJ6SAJ" failures="0" tests="1" name="tests.ArrayProducts" time="11.670" errors="1" timestamp="2021-01-19T23:12:06 UYT" skipped="0">
  <testcase classname="tests.ArrayProducts" name="arraylist" time="11.670">
    <error message="session not created
from disconnected: received Inspector.detached event
  (Session info: chrome=87.0.4280.141)
Build info: version: &#039;3.141.59&#039;, revision: &#039;e82be7d358&#039;, time: &#039;2018-11-14T08:17:03&#039;
System info: host: &#039;LAPTOP-FNGJ6SAJ&#039;, ip: &#039;192.168.43.158&#039;, os.name: &#039;Windows 10&#039;, os.arch: &#039;amd64&#039;, os.version: &#039;10.0&#039;, java.version: &#039;15.0.1&#039;
Driver info: driver.version: ChromeDriver
remote stacktrace: Backtrace:
	Ordinal0 [0x00B0C0C3+3326147]
	Ordinal0 [0x009F0851+2164817]
	Ordinal0 [0x00877298+619160]
	Ordinal0 [0x0086BD04+572676]
	Ordinal0 [0x0086BA18+571928]
	Ordinal0 [0x0086B0C1+569537]
	Ordinal0 [0x0086A421+566305]
	Ordinal0 [0x0086A815+567317]
	Ordinal0 [0x0086A135+565557]
	Ordinal0 [0x008738B1+604337]
	Ordinal0 [0x0086A0F1+565489]
	Ordinal0 [0x0086AEA2+568994]
	Ordinal0 [0x0086A421+566305]
	Ordinal0 [0x0086A815+567317]
	Ordinal0 [0x0086A135+565557]
	Ordinal0 [0x00871D2C+597292]
	Ordinal0 [0x0086A0F1+565489]
	Ordinal0 [0x0086AEA2+568994]
	Ordinal0 [0x0086A421+566305]
	Ordinal0 [0x0086A815+567317]
	Ordinal0 [0x0086A135+565557]
	Ordinal0 [0x0086FE62+589410]
	Ordinal0 [0x0086A0F1+565489]
	Ordinal0 [0x0086AEA2+568994]
	Ordinal0 [0x0086A421+566305]
	Ordinal0 [0x0086A815+567317]
	Ordinal0 [0x0086A135+565557]
	Ordinal0 [0x0086F075+585845]
	Ordinal0 [0x0086A0F1+565489]
	Ordinal0 [0x0086AEA2+568994]
	Ordinal0 [0x0086A421+566305]
	Ordinal0 [0x0086A815+567317]
	Ordinal0 [0x0086A135+565557]
	Ordinal0 [0x00866776+550774]
	Ordinal0 [0x0086A0F1+565489]
	Ordinal0 [0x00869F13+565011]
	Ordinal0 [0x00869D07+564487]
	Ordinal0 [0x008782C0+623296]
	Ordinal0 [0x00816BDD+224221]
	Ordinal0 [0x00815CAC+220332]
	Ordinal0 [0x0081189B+202907]
	Ordinal0 [0x007F3DF4+81396]
	Ordinal0 [0x007F4DEE+85486]
	Ordinal0 [0x007F4D79+85369]
	Ordinal0 [0x00A085DC+2262492]
	GetHandleVerifier [0x00C92874+1487204]
	GetHandleVerifier [0x00C923CD+1486013]
	GetHandleVerifier [0x00C9A368+1518680]
	GetHandleVerifier [0x00C92F4E+1488958]
	Ordinal0 [0x009FED0D+2223373]
	Ordinal0 [0x00A0A12B+2269483]
	Ordinal0 [0x00A0A26F+2269807]
	Ordinal0 [0x00A1ECB8+2354360]
	BaseThreadInitThunk [0x753D6359+25]
	RtlGetAppContainerNamedObjectPath [0x77757C24+228]
	RtlGetAppContainerNamedObjectPath [0x77757BF4+180]
" type="org.openqa.selenium.SessionNotCreatedException">
      <![CDATA[org.openqa.selenium.SessionNotCreatedException: session not created
from disconnected: received Inspector.detached event
  (Session info: chrome=87.0.4280.141)
Build info: version: '3.141.59', revision: 'e82be7d358', time: '2018-11-14T08:17:03'
System info: host: 'LAPTOP-FNGJ6SAJ', ip: '192.168.43.158', os.name: 'Windows 10', os.arch: 'amd64', os.version: '10.0', java.version: '15.0.1'
Driver info: driver.version: ChromeDriver
remote stacktrace: Backtrace:
Ordinal0 [0x00B0C0C3+3326147]
Ordinal0 [0x009F0851+2164817]
Ordinal0 [0x00877298+619160]
Ordinal0 [0x0086BD04+572676]
Ordinal0 [0x0086BA18+571928]
Ordinal0 [0x0086B0C1+569537]
Ordinal0 [0x0086A421+566305]
Ordinal0 [0x0086A815+567317]
Ordinal0 [0x0086A135+565557]
Ordinal0 [0x008738B1+604337]
Ordinal0 [0x0086A0F1+565489]
Ordinal0 [0x0086AEA2+568994]
Ordinal0 [0x0086A421+566305]
Ordinal0 [0x0086A815+567317]
Ordinal0 [0x0086A135+565557]
Ordinal0 [0x00871D2C+597292]
Ordinal0 [0x0086A0F1+565489]
Ordinal0 [0x0086AEA2+568994]
Ordinal0 [0x0086A421+566305]
Ordinal0 [0x0086A815+567317]
Ordinal0 [0x0086A135+565557]
Ordinal0 [0x0086FE62+589410]
Ordinal0 [0x0086A0F1+565489]
Ordinal0 [0x0086AEA2+568994]
Ordinal0 [0x0086A421+566305]
Ordinal0 [0x0086A815+567317]
Ordinal0 [0x0086A135+565557]
Ordinal0 [0x0086F075+585845]
Ordinal0 [0x0086A0F1+565489]
Ordinal0 [0x0086AEA2+568994]
Ordinal0 [0x0086A421+566305]
Ordinal0 [0x0086A815+567317]
Ordinal0 [0x0086A135+565557]
Ordinal0 [0x00866776+550774]
Ordinal0 [0x0086A0F1+565489]
Ordinal0 [0x00869F13+565011]
Ordinal0 [0x00869D07+564487]
Ordinal0 [0x008782C0+623296]
Ordinal0 [0x00816BDD+224221]
Ordinal0 [0x00815CAC+220332]
Ordinal0 [0x0081189B+202907]
Ordinal0 [0x007F3DF4+81396]
Ordinal0 [0x007F4DEE+85486]
Ordinal0 [0x007F4D79+85369]
Ordinal0 [0x00A085DC+2262492]
GetHandleVerifier [0x00C92874+1487204]
GetHandleVerifier [0x00C923CD+1486013]
GetHandleVerifier [0x00C9A368+1518680]
GetHandleVerifier [0x00C92F4E+1488958]
Ordinal0 [0x009FED0D+2223373]
Ordinal0 [0x00A0A12B+2269483]
Ordinal0 [0x00A0A26F+2269807]
Ordinal0 [0x00A1ECB8+2354360]
BaseThreadInitThunk [0x753D6359+25]
RtlGetAppContainerNamedObjectPath [0x77757C24+228]
RtlGetAppContainerNamedObjectPath [0x77757BF4+180]

at java.base/jdk.internal.reflect.NativeConstructorAccessorImpl.newInstance0(Native Method)
at java.base/jdk.internal.reflect.NativeConstructorAccessorImpl.newInstance(NativeConstructorAccessorImpl.java:64)
at java.base/jdk.internal.reflect.DelegatingConstructorAccessorImpl.newInstance(DelegatingConstructorAccessorImpl.java:45)
at java.base/java.lang.reflect.Constructor.newInstanceWithCaller(Constructor.java:500)
at java.base/java.lang.reflect.Constructor.newInstance(Constructor.java:481)
at org.openqa.selenium.remote.W3CHandshakeResponse.lambda$errorHandler$0(W3CHandshakeResponse.java:62)
at org.openqa.selenium.remote.HandshakeResponse.lambda$getResponseFunction$0(HandshakeResponse.java:30)
at org.openqa.selenium.remote.ProtocolHandshake.lambda$createSession$0(ProtocolHandshake.java:126)
at java.base/java.util.stream.ReferencePipeline$3$1.accept(ReferencePipeline.java:195)
at java.base/java.util.Spliterators$ArraySpliterator.tryAdvance(Spliterators.java:958)
at java.base/java.util.stream.ReferencePipeline.forEachWithCancel(ReferencePipeline.java:127)
at java.base/java.util.stream.AbstractPipeline.copyIntoWithCancel(AbstractPipeline.java:502)
at java.base/java.util.stream.AbstractPipeline.copyInto(AbstractPipeline.java:488)
at java.base/java.util.stream.AbstractPipeline.wrapAndCopyInto(AbstractPipeline.java:474)
at java.base/java.util.stream.FindOps$FindOp.evaluateSequential(FindOps.java:150)
at java.base/java.util.stream.AbstractPipeline.evaluate(AbstractPipeline.java:234)
at java.base/java.util.stream.ReferencePipeline.findFirst(ReferencePipeline.java:543)
at org.openqa.selenium.remote.ProtocolHandshake.createSession(ProtocolHandshake.java:128)
at org.openqa.selenium.remote.ProtocolHandshake.createSession(ProtocolHandshake.java:74)
at org.openqa.selenium.remote.HttpCommandExecutor.execute(HttpCommandExecutor.java:136)
at org.openqa.selenium.remote.service.DriverCommandExecutor.execute(DriverCommandExecutor.java:83)
at org.openqa.selenium.remote.RemoteWebDriver.execute(RemoteWebDriver.java:552)
at org.openqa.selenium.remote.RemoteWebDriver.startSession(RemoteWebDriver.java:213)
at org.openqa.selenium.remote.RemoteWebDriver.<init>(RemoteWebDriver.java:131)
at org.openqa.selenium.chrome.ChromeDriver.<init>(ChromeDriver.java:181)
at org.openqa.selenium.chrome.ChromeDriver.<init>(ChromeDriver.java:168)
at org.openqa.selenium.chrome.ChromeDriver.<init>(ChromeDriver.java:123)
at tests.ArrayProducts.arraylist(ArrayProducts.java:27)
at java.base/jdk.internal.reflect.NativeMethodAccessorImpl.invoke0(Native Method)
at java.base/jdk.internal.reflect.NativeMethodAccessorImpl.invoke(NativeMethodAccessorImpl.java:64)
at java.base/jdk.internal.reflect.DelegatingMethodAccessorImpl.invoke(DelegatingMethodAccessorImpl.java:43)
at java.base/java.lang.reflect.Method.invoke(Method.java:564)
at org.testng.internal.MethodInvocationHelper.invokeMethod(MethodInvocationHelper.java:134)
at org.testng.internal.TestInvoker.invokeMethod(TestInvoker.java:597)
at org.testng.internal.TestInvoker.invokeTestMethod(TestInvoker.java:173)
at org.testng.internal.MethodRunner.runInSequence(MethodRunner.java:46)
at org.testng.internal.TestInvoker$MethodInvocationAgent.invoke(TestInvoker.java:816)
at org.testng.internal.TestInvoker.invokeTestMethods(TestInvoker.java:146)
at org.testng.internal.TestMethodWorker.invokeTestMethods(TestMethodWorker.java:146)
at org.testng.internal.TestMethodWorker.run(TestMethodWorker.java:128)
at java.base/java.util.ArrayList.forEach(ArrayList.java:1511)
at org.testng.TestRunner.privateRun(TestRunner.java:766)
at org.testng.TestRunner.run(TestRunner.java:587)
at org.testng.SuiteRunner.runTest(SuiteRunner.java:384)
at org.testng.SuiteRunner.runSequentially(SuiteRunner.java:378)
at org.testng.SuiteRunner.privateRun(SuiteRunner.java:337)
at org.testng.SuiteRunner.run(SuiteRunner.java:286)
at org.testng.SuiteRunnerWorker.runSuite(SuiteRunnerWorker.java:53)
at org.testng.SuiteRunnerWorker.run(SuiteRunnerWorker.java:96)
at org.testng.TestNG.runSuitesSequentially(TestNG.java:1187)
at org.testng.TestNG.runSuitesLocally(TestNG.java:1109)
at org.testng.TestNG.runSuites(TestNG.java:1039)
at org.testng.TestNG.run(TestNG.java:1007)
at org.testng.remote.AbstractRemoteTestNG.run(AbstractRemoteTestNG.java:115)
at org.testng.remote.RemoteTestNG.initAndRun(RemoteTestNG.java:251)
at org.testng.remote.RemoteTestNG.main(RemoteTestNG.java:77)
]]>
    </error>
  </testcase> <!-- arraylist -->
  <system-out/>
</testsuite> <!-- tests.ArrayProducts -->
